{
  "RSpec": {
    "coverage": {
      "/Users/luciademoja/Kristoffer/projects/robot_man/app/helpers/application_helper.rb": [
        1,
        null
      ],
      "/Users/luciademoja/Kristoffer/projects/robot_man/app/models/owner.rb": [
        1,
        null
      ],
      "/Users/luciademoja/Kristoffer/projects/robot_man/app/models/application_record.rb": [
        1,
        1,
        null
      ],
      "/Users/luciademoja/Kristoffer/projects/robot_man/app/models/robot.rb": [
        1,
        null
      ],
      "/Users/luciademoja/Kristoffer/projects/robot_man/app/channels/application_cable/channel.rb": [
        0,
        0,
        0,
        0
      ],
      "/Users/luciademoja/Kristoffer/projects/robot_man/app/channels/application_cable/connection.rb": [
        0,
        0,
        0,
        0
      ],
      "/Users/luciademoja/Kristoffer/projects/robot_man/app/controllers/application_controller.rb": [
        0,
        0,
        0
      ],
      "/Users/luciademoja/Kristoffer/projects/robot_man/app/jobs/application_job.rb": [
        0,
        0
      ],
      "/Users/luciademoja/Kristoffer/projects/robot_man/app/mailers/application_mailer.rb": [
        0,
        0,
        0,
        0
      ]
    },
    "timestamp": 1485264796
  }
}
